
> @photo-sphere-viewer/virtual-tour-plugin@0.0.0 build
> tsup

[34mCLI[39m Building entry: ./src/index.ts
[34mCLI[39m Using tsconfig: tsconfig.json
[34mCLI[39m tsup v8.2.0
[34mCLI[39m Using tsup config: C:\Work\npm\photo-sphere-viewer\packages\virtual-tour-plugin\tsup.config.js
[34mCLI[39m Target: es2021
[34mCLI[39m Cleaning output folder
[34mESM[39m Build start
[34mCJS[39m Build start
[34mDTS[39m Build start
MAP Fix C:\Work\npm\photo-sphere-viewer\packages\virtual-tour-plugin\dist\index.css.map
MAP Fix C:\Work\npm\photo-sphere-viewer\packages\virtual-tour-plugin\dist\index.cjs.map
MAP Fix C:\Work\npm\photo-sphere-viewer\packages\virtual-tour-plugin\dist\index.css.map
MAP Fix C:\Work\npm\photo-sphere-viewer\packages\virtual-tour-plugin\dist\index.module.js.map
[32mCJS[39m [1mdist\index.css     [22m[32m2.44 KB[39m
[32mCJS[39m [1mdist\index.cjs     [22m[32m45.25 KB[39m
[32mCJS[39m [1mdist\index.css.map [22m[32m9.46 KB[39m
[32mCJS[39m [1mdist\index.cjs.map [22m[32m89.83 KB[39m
[32mCJS[39m ⚡️ Build success in 1168ms
SCSS dist/index.scss 7.8 kB
ASSET dist/LICENSE 1.15 kB
ASSET dist/.npmrc 109 B
ASSET dist/README.md 838 B
ASSET dist/package.json 794 B
[32mESM[39m [1mdist\index.css           [22m[32m2.44 KB[39m
[32mESM[39m [1mdist\index.module.js     [22m[32m43.56 KB[39m
[32mESM[39m [1mdist\index.css.map       [22m[32m9.46 KB[39m
[32mESM[39m [1mdist\index.module.js.map [22m[32m89.93 KB[39m
[32mESM[39m ⚡️ Build success in 1223ms
[32mDTS[39m ⚡️ Build success in 9709ms
[32mDTS[39m [1mdist\index.d.mts [22m[32m10.75 KB[39m
[32mDTS[39m [1mdist\index.d.ts  [22m[32m10.75 KB[39m
