
> @photo-sphere-viewer/markers-plugin@0.0.0 build
> tsup

[34mCLI[39m Building entry: ./src/index.ts
[34mCLI[39m Using tsconfig: tsconfig.json
[34mCLI[39m tsup v8.2.0
[34mCLI[39m Using tsup config: C:\Work\npm\photo-sphere-viewer\packages\markers-plugin\tsup.config.js
[34mCLI[39m Target: es2021
[34mCLI[39m Cleaning output folder
[34mESM[39m Build start
[34mCJS[39m Build start
[34mDTS[39m Build start
MAP Fix C:\Work\npm\photo-sphere-viewer\packages\markers-plugin\dist\index.css.map
MAP Fix C:\Work\npm\photo-sphere-viewer\packages\markers-plugin\dist\index.module.js.map
SCSS dist/index.scss 5.76 kB
ASSET dist/LICENSE 1.15 kB
ASSET dist/.npmrc 109 B
ASSET dist/README.md 794 B
ASSET dist/package.json 839 B
MAP Fix C:\Work\npm\photo-sphere-viewer\packages\markers-plugin\dist\index.css.map
MAP Fix C:\Work\npm\photo-sphere-viewer\packages\markers-plugin\dist\index.cjs.map
[32mESM[39m [1mdist\index.css           [22m[32m1003.00 B[39m
[32mESM[39m [1mdist\index.module.js     [22m[32m78.33 KB[39m
[32mESM[39m [1mdist\index.css.map       [22m[32m6.37 KB[39m
[32mESM[39m [1mdist\index.module.js.map [22m[32m165.32 KB[39m
[32mESM[39m ⚡️ Build success in 1525ms
[32mCJS[39m [1mdist\index.cjs     [22m[32m80.48 KB[39m
[32mCJS[39m [1mdist\index.css     [22m[32m1003.00 B[39m
[32mCJS[39m [1mdist\index.css.map [22m[32m6.37 KB[39m
[32mCJS[39m [1mdist\index.cjs.map [22m[32m164.96 KB[39m
[32mCJS[39m ⚡️ Build success in 1552ms
[32mDTS[39m ⚡️ Build success in 8780ms
[32mDTS[39m [1mdist\index.d.mts [22m[32m19.13 KB[39m
[32mDTS[39m [1mdist\index.d.ts  [22m[32m19.13 KB[39m
