
> @photo-sphere-viewer/autorotate-plugin@0.0.0 build
> tsup

[34mCLI[39m Building entry: ./src/index.ts
[34mCLI[39m Using tsconfig: tsconfig.json
[34mCLI[39m tsup v8.2.0
[34mCLI[39m Using tsup config: C:\Work\npm\photo-sphere-viewer\packages\autorotate-plugin\tsup.config.js
[34mCLI[39m Target: es2021
[34mCLI[39m Cleaning output folder
[34mESM[39m Build start
[34mCJS[39m Build start
MAP Fix C:\Work\npm\photo-sphere-viewer\packages\autorotate-plugin\dist\index.module.js.map
ASSET dist/LICENSE 1.15 kB
ASSET dist/.npmrc 109 B
ASSET dist/README.md 813 B
ASSET dist/package.json 769 B
[32mESM[39m [1mdist\index.module.js     [22m[32m16.67 KB[39m
[32mESM[39m [1mdist\index.module.js.map [22m[32m33.52 KB[39m
[32mESM[39m ⚡️ Build success in 998ms
MAP Fix C:\Work\npm\photo-sphere-viewer\packages\autorotate-plugin\dist\index.cjs.map
[32mCJS[39m [1mdist\index.cjs     [22m[32m17.89 KB[39m
[32mCJS[39m [1mdist\index.cjs.map [22m[32m33.60 KB[39m
[32mCJS[39m ⚡️ Build success in 1024ms
[34mDTS[39m Build start
[32mDTS[39m ⚡️ Build success in 12912ms
[32mDTS[39m [1mdist\index.d.mts [22m[32m4.23 KB[39m
[32mDTS[39m [1mdist\index.d.ts  [22m[32m4.23 KB[39m
