
> @photo-sphere-viewer/gallery-plugin@0.0.0 build
> tsup

[34mCLI[39m Building entry: ./src/index.ts
[34mCLI[39m Using tsconfig: tsconfig.json
[34mCLI[39m tsup v8.2.0
[34mCLI[39m Using tsup config: C:\Work\npm\photo-sphere-viewer\packages\gallery-plugin\tsup.config.js
[34mCLI[39m Target: es2021
[34mCLI[39m Cleaning output folder
[34mESM[39m Build start
[34mCJS[39m Build start
[34mDTS[39m Build start
MAP Fix C:\Work\npm\photo-sphere-viewer\packages\gallery-plugin\dist\index.css.map
MAP Fix C:\Work\npm\photo-sphere-viewer\packages\gallery-plugin\dist\index.cjs.map
[32mCJS[39m [1mdist\index.cjs     [22m[32m14.98 KB[39m
[32mCJS[39m [1mdist\index.css     [22m[32m2.58 KB[39m
[32mCJS[39m [1mdist\index.cjs.map [22m[32m27.16 KB[39m
[32mCJS[39m [1mdist\index.css.map [22m[32m10.46 KB[39m
[32mCJS[39m ⚡️ Build success in 1162ms
MAP Fix C:\Work\npm\photo-sphere-viewer\packages\gallery-plugin\dist\index.css.map
MAP Fix C:\Work\npm\photo-sphere-viewer\packages\gallery-plugin\dist\index.module.js.map
SCSS dist/index.scss 8.69 kB
ASSET dist/LICENSE 1.15 kB
ASSET dist/.npmrc 109 B
ASSET dist/README.md 783 B
ASSET dist/package.json 769 B
[32mESM[39m [1mdist\index.module.js     [22m[32m13.93 KB[39m
[32mESM[39m [1mdist\index.css           [22m[32m2.58 KB[39m
[32mESM[39m [1mdist\index.module.js.map [22m[32m27.11 KB[39m
[32mESM[39m [1mdist\index.css.map       [22m[32m10.46 KB[39m
[32mESM[39m ⚡️ Build success in 1275ms
[32mDTS[39m ⚡️ Build success in 8677ms
[32mDTS[39m [1mdist\index.d.mts [22m[32m3.29 KB[39m
[32mDTS[39m [1mdist\index.d.ts  [22m[32m3.29 KB[39m
