
> @photo-sphere-viewer/visible-range-plugin@0.0.0 build
> tsup

[34mCLI[39m Building entry: ./src/index.ts
[34mCLI[39m Using tsconfig: tsconfig.json
[34mCLI[39m tsup v8.2.0
[34mCLI[39m Using tsup config: C:\Work\npm\photo-sphere-viewer\packages\visible-range-plugin\tsup.config.js
[34mCLI[39m Target: es2021
[34mCLI[39m Cleaning output folder
[34mESM[39m Build start
[34mCJS[39m Build start
[34mDTS[39m Build start
MAP Fix C:\Work\npm\photo-sphere-viewer\packages\visible-range-plugin\dist\index.module.js.map
ASSET dist/LICENSE 1.15 kB
ASSET dist/.npmrc 109 B
ASSET dist/README.md 819 B
ASSET dist/package.json 721 B
MAP Fix C:\Work\npm\photo-sphere-viewer\packages\visible-range-plugin\dist\index.cjs.map
[32mCJS[39m [1mdist\index.cjs     [22m[32m9.64 KB[39m
[32mCJS[39m [1mdist\index.cjs.map [22m[32m17.52 KB[39m
[32mCJS[39m ⚡️ Build success in 4460ms
[32mESM[39m [1mdist\index.module.js     [22m[32m8.26 KB[39m
[32mESM[39m [1mdist\index.module.js.map [22m[32m17.36 KB[39m
[32mESM[39m ⚡️ Build success in 4468ms
[32mDTS[39m ⚡️ Build success in 13804ms
[32mDTS[39m [1mdist\index.d.mts [22m[32m2.11 KB[39m
[32mDTS[39m [1mdist\index.d.ts  [22m[32m2.11 KB[39m
