
> @photo-sphere-viewer/map-plugin@0.0.0 build
> tsup

[34mCLI[39m Building entry: ./src/index.ts
[34mCLI[39m Using tsconfig: tsconfig.json
[34mCLI[39m tsup v8.2.0
[34mCLI[39m Using tsup config: C:\Work\npm\photo-sphere-viewer\packages\map-plugin\tsup.config.js
[34mCLI[39m Target: es2021
[34mCLI[39m Cleaning output folder
[34mESM[39m Build start
[34mCJS[39m Build start
[34mDTS[39m Build start
MAP Fix C:\Work\npm\photo-sphere-viewer\packages\map-plugin\dist\index.css.map
MAP Fix C:\Work\npm\photo-sphere-viewer\packages\map-plugin\dist\index.cjs.map
[32mCJS[39m [1mdist\index.css     [22m[32m3.20 KB[39m
[32mCJS[39m [1mdist\index.cjs     [22m[32m43.67 KB[39m
[32mCJS[39m [1mdist\index.cjs.map [22m[32m82.78 KB[39m
[32mCJS[39m [1mdist\index.css.map [22m[32m12.24 KB[39m
[32mCJS[39m ⚡️ Build success in 6692ms
MAP Fix C:\Work\npm\photo-sphere-viewer\packages\map-plugin\dist\index.css.map
MAP Fix C:\Work\npm\photo-sphere-viewer\packages\map-plugin\dist\index.module.js.map
SCSS dist/index.scss 10.1 kB
ASSET dist/LICENSE 1.15 kB
ASSET dist/.npmrc 109 B
ASSET dist/README.md 756 B
ASSET dist/package.json 797 B
[32mESM[39m [1mdist\index.module.js     [22m[32m42.03 KB[39m
[32mESM[39m [1mdist\index.module.js.map [22m[32m82.88 KB[39m
[32mESM[39m [1mdist\index.css           [22m[32m3.20 KB[39m
[32mESM[39m [1mdist\index.css.map       [22m[32m12.24 KB[39m
[32mESM[39m ⚡️ Build success in 6794ms
[32mDTS[39m ⚡️ Build success in 15072ms
[32mDTS[39m [1mdist\index.d.mts [22m[32m9.02 KB[39m
[32mDTS[39m [1mdist\index.d.ts  [22m[32m9.02 KB[39m
