
> @photo-sphere-viewer/plan-plugin@0.0.0 build
> tsup

[34mCLI[39m Building entry: ./src/index.ts
[34mCLI[39m Using tsconfig: tsconfig.json
[34mCLI[39m tsup v8.2.0
[34mCLI[39m Using tsup config: C:\Work\npm\photo-sphere-viewer\packages\plan-plugin\tsup.config.js
[34mCLI[39m Target: es2021
[34mCLI[39m Cleaning output folder
[34mESM[39m Build start
[34mCJS[39m Build start
[34mDTS[39m Build start
MAP Fix C:\Work\npm\photo-sphere-viewer\packages\plan-plugin\dist\index.css.map
MAP Fix C:\Work\npm\photo-sphere-viewer\packages\plan-plugin\dist\index.cjs.map
MAP Fix C:\Work\npm\photo-sphere-viewer\packages\plan-plugin\dist\index.css.map
MAP Fix C:\Work\npm\photo-sphere-viewer\packages\plan-plugin\dist\index.module.js.map
SCSS dist/index.scss 8.98 kB
[32mCJS[39m [1mdist\index.cjs     [22m[32m28.18 KB[39m
[32mCJS[39m [1mdist\index.css     [22m[32m2.92 KB[39m
[32mCJS[39m [1mdist\index.cjs.map [22m[32m53.08 KB[39m
[32mCJS[39m [1mdist\index.css.map [22m[32m6.33 KB[39m
[32mCJS[39m ⚡️ Build success in 1512ms
ASSET dist/LICENSE 1.15 kB
ASSET dist/.npmrc 109 B
ASSET dist/README.md 759 B
ASSET dist/package.json 857 B
[32mESM[39m [1mdist\index.module.js     [22m[32m26.96 KB[39m
[32mESM[39m [1mdist\index.css           [22m[32m2.92 KB[39m
[32mESM[39m [1mdist\index.module.js.map [22m[32m53.09 KB[39m
[32mESM[39m [1mdist\index.css.map       [22m[32m6.33 KB[39m
[32mESM[39m ⚡️ Build success in 1565ms
[32mDTS[39m ⚡️ Build success in 10904ms
[32mDTS[39m [1mdist\index.d.mts [22m[32m8.17 KB[39m
[32mDTS[39m [1mdist\index.d.ts  [22m[32m8.17 KB[39m
